This is pdfTeX, Version 3.14159265-2.6-1.40.15 (TeX Live 2015/dev/Debian) (preloaded format=pdfetex 2015.4.30)  17 OCT 2015 10:34
entering extended mode
 restricted \write18 enabled.
 file:line:error style messages enabled.
 %&-line parsing enabled.
**\nonstopmode \input /home/abradford/src/c++/optionmatrix/optionmatrix-1.4.2/d
oc/./optionmatrix.texi

(/home/abradford/src/c++/optionmatrix/optionmatrix-1.4.2/doc/./optionmatrix.tex
i (/home/abradford/src/c++/optionmatrix/optionmatrix-1.4.2/doc/texinfo.tex
Loading texinfo [version 2012-03-11.15]:
\bindingoffset=\dimen16
\normaloffset=\dimen17
\pagewidth=\dimen18
\pageheight=\dimen19
\outerhsize=\dimen20
\outervsize=\dimen21
\cornerlong=\dimen22
\cornerthick=\dimen23
\topandbottommargin=\dimen24
\headlinebox=\box16
\footlinebox=\box17
\margin=\insert252
\EMsimple=\toks13
\groupbox=\box18
\groupinvalidhelp=\toks14
\mil=\dimen25
\exdentamount=\skip18
\inmarginspacing=\skip19
\centerpenalty=\count27
 pdf,
\tempnum=\count28
\lnkcount=\count29
\filename=\toks15
\filenamelength=\count30
\pgn=\count31
\toksA=\toks16
\toksB=\toks17
\toksC=\toks18
\toksD=\toks19
\boxA=\box19
\countA=\count32
\nopdfimagehelp=\toks20
 fonts,
\sffam=\fam8
\textleading=\dimen26
 markup,
\fontdepth=\count33
 glyphs,
\errorbox=\box20

page headings,
\titlepagetopglue=\skip20
\titlepagebottomglue=\skip21
\evenheadline=\toks21
\oddheadline=\toks22
\evenfootline=\toks23
\oddfootline=\toks24
 tables,
\tableindent=\dimen27
\itemindent=\dimen28
\itemmargin=\dimen29
\itemmax=\dimen30
\itemno=\count34
\multitableparskip=\skip22
\multitableparindent=\skip23
\multitablecolspace=\dimen31
\multitablelinespace=\skip24
\colcount=\count35
\everytab=\toks25
 conditionals,
\doignorecount=\count36
 indexing,
\whatsitskip=\skip25
\whatsitpenalty=\count37
\secondaryindent=\skip26
\partialpage=\box21
\doublecolumnhsize=\dimen32
 sectioning,
\unnumberedno=\count38
\chapno=\count39
\secno=\count40
\subsecno=\count41
\subsubsecno=\count42
\appendixno=\count43
\absseclevel=\count44
\secbase=\count45
\chapheadingskip=\skip27
\secheadingskip=\skip28
\subsecheadingskip=\skip29
 toc,
\tocfile=\write0
\contentsrightmargin=\skip30
\savepageno=\count46
\lastnegativepageno=\count47
\tocindent=\dimen33
 environments,
\lispnarrowing=\skip31
\envskipamount=\skip32
\circthick=\dimen34
\cartouter=\dimen35
\cartinner=\dimen36
\normbskip=\skip33
\normpskip=\skip34
\normlskip=\skip35
\lskip=\skip36
\rskip=\skip37
\nonfillparindent=\dimen37
\tabw=\dimen38
\verbbox=\box22

defuns,
\defbodyindent=\skip38
\defargsindent=\skip39
\deflastargmargin=\skip40
\defunpenalty=\count48
\parencount=\count49
\brackcount=\count50
 macros,
\paramno=\count51
\macname=\toks26
 cross references,
\auxfile=\write1
\savesfregister=\count52
\topbox=\box23
\printedrefnamebox=\box24
\printedmanualbox=\box25
 insertions,
\footnoteno=\count53
\SAVEfootins=\box26
\SAVEmargin=\box27

(/home/abradford/src/c++/optionmatrix/optionmatrix-1.4.2/doc/epsf.tex
This is `epsf.tex' v2.7.4 <14 February 2011>
\epsffilein=\read1
\epsfframemargin=\dimen39
\epsfframethickness=\dimen40
\epsfrsize=\dimen41
\epsftmp=\dimen42
\epsftsize=\dimen43
\epsfxsize=\dimen44
\epsfysize=\dimen45
\pspoints=\dimen46
)
\noepsfhelp=\toks27
 localization,
\nolanghelp=\toks28
\countUTFx=\count54
\countUTFy=\count55
\countUTFz=\count56
 formatting,
\defaultparindent=\dimen47
 and turning on texinfo input format.)
(./optionmatrix.aux)
\openout1 = `optionmatrix.aux'.

@cpindfile=@write2
@fnindfile=@write3
@vrindfile=@write4
@tpindfile=@write5
@kyindfile=@write6
@pgindfile=@write7
texinfo.tex: doing @include of version.texi


(/home/abradford/src/c++/optionmatrix/optionmatrix-1.4.2/doc/version.texi)
@opindfile=@write8
 </home/abradford/src/c++/optionmatrix/optionmatrix-1.4.2/doc/images/6.png> [1
\openout2 = `optionmatrix.cp'.

\openout3 = `optionmatrix.fn'.

\openout4 = `optionmatrix.vr'.

\openout5 = `optionmatrix.tp'.

\openout6 = `optionmatrix.ky'.

\openout7 = `optionmatrix.pg'.

\openout8 = `optionmatrix.op'.

{/var/lib/texmf/fonts/map/pdftex/updmap/pdftex.map}] [2] (./optionmatrix.toc [-
1])
[-2] (./optionmatrix.toc) (./optionmatrix.toc) Chapter 1
\openout0 = `optionmatrix.toc'.

 Chapter 2 [1] [2]
Chapter 3 [3] </home/abradford/src/c++/optionmatrix/optionmatrix-1.4.2/doc/imag
es/OptionMatrix.png>
Underfull \hbox (badness 10000) in paragraph at lines 396--401


@hbox(0.0+0.0)x433.62
.@glue(@rightskip) 0.0

 </home/abradford/src/c++/optionmatrix/optionmatrix-1.4.2/doc/images/PriceInter
estStandard.png>
Underfull \hbox (badness 10000) in paragraph at lines 409--418


@hbox(0.0+0.0)x433.62
.@glue(@rightskip) 0.0

 </home/abradford/src/c++/optionmatrix/optionmatrix-1.4.2/doc/images/Time.png>
Underfull \hbox (badness 10000) in paragraph at lines 422--436


@hbox(0.0+0.0)x433.62
.@penalty -10000
.@glue(@rightskip) 0.0

[4] </home/abradford/src/c++/optionmatrix/optionmatrix-1.4.2/doc/images/RealTim
e.png> </home/abradford/src/c++/optionmatrix/optionmatrix-1.4.2/doc/images/Cale
ndarButton.png>
Underfull \hbox (badness 10000) in paragraph at lines 456--465


@hbox(0.0+0.0)x433.62
.@glue(@rightskip) 0.0

 </home/abradford/src/c++/optionmatrix/optionmatrix-1.4.2/doc/images/Calendar.p
ng>
Underfull \hbox (badness 10000) in paragraph at lines 466--475


@hbox(0.0+0.0)x433.62
.@glue(@rightskip) 0.0

[5] </home/abradford/src/c++/optionmatrix/optionmatrix-1.4.2/doc/images/Strikes
Drop.png>
Underfull \hbox (badness 10000) in paragraph at lines 483--488


@hbox(0.0+0.0)x433.62
.@glue(@rightskip) 0.0

 </home/abradford/src/c++/optionmatrix/optionmatrix-1.4.2/doc/images/Strikes.pn
g> </home/abradford/src/c++/optionmatrix/optionmatrix-1.4.2/doc/images/StrikeDr
opDownAndAdjuster.png>
Underfull \hbox (badness 10000) in paragraph at lines 491--506


@hbox(0.0+0.0)x433.62
.@glue(@rightskip) 0.0

 </home/abradford/src/c++/optionmatrix/optionmatrix-1.4.2/doc/images/CUSTInput.
png>
Underfull \hbox (badness 10000) in paragraph at lines 508--517


@hbox(0.0+0.0)x433.62
.@glue(@rightskip) 0.0

[6] </home/abradford/src/c++/optionmatrix/optionmatrix-1.4.2/doc/images/DateEng
ineSelected.png>
Underfull \hbox (badness 10000) in paragraph at lines 522--527


@hbox(0.0+0.0)x433.62
.@glue(@rightskip) 0.0

 </home/abradford/src/c++/optionmatrix/optionmatrix-1.4.2/doc/images/OptionMatr
ixCalendarDated.png>
Underfull \hbox (badness 10000) in paragraph at lines 534--539


@hbox(0.0+0.0)x433.62
.@glue(@rightskip) 0.0

[7] </home/abradford/src/c++/optionmatrix/optionmatrix-1.4.2/doc/images/DateEng
ineProperties.png>
Underfull \hbox (badness 10000) in paragraph at lines 545--550


@hbox(0.0+0.0)x433.62
.@glue(@rightskip) 0.0

 </home/abradford/src/c++/optionmatrix/optionmatrix-1.4.2/doc/images/DateEngine
.png>
Underfull \hbox (badness 10000) in paragraph at lines 553--558


@hbox(0.0+0.0)x433.62
.@glue(@rightskip) 0.0

 </home/abradford/src/c++/optionmatrix/optionmatrix-1.4.2/doc/images/MonthAdjus
ter.png>
Underfull \hbox (badness 10000) in paragraph at lines 563--568


@hbox(0.0+0.0)x433.62
.@glue(@rightskip) 0.0

 </home/abradford/src/c++/optionmatrix/optionmatrix-1.4.2/doc/images/CycleClose
d.png>
Underfull \hbox (badness 10000) in paragraph at lines 574--579


@hbox(0.0+0.0)x433.62
.@glue(@rightskip) 0.0

[8] </home/abradford/src/c++/optionmatrix/optionmatrix-1.4.2/doc/images/CycleDr
opOpen.png>
Underfull \hbox (badness 10000) in paragraph at lines 583--593


@hbox(0.0+0.0)x433.62
.@penalty -10000
.@glue(@rightskip) 0.0

 </home/abradford/src/c++/optionmatrix/optionmatrix-1.4.2/doc/images/DisplayFor
mats.png>
Underfull \hbox (badness 10000) in paragraph at lines 599--608


@hbox(0.0+0.0)x433.62
.@glue(@rightskip) 0.0

 </home/abradford/src/c++/optionmatrix/optionmatrix-1.4.2/doc/images/MonthToStr
ikes.png>
Underfull \hbox (badness 10000) in paragraph at lines 612--621


@hbox(0.0+0.0)x433.62
.@glue(@rightskip) 0.0

 </home/abradford/src/c++/optionmatrix/optionmatrix-1.4.2/doc/images/MonthsToSt
rike.png>
Underfull \hbox (badness 10000) in paragraph at lines 623--632


@hbox(0.0+0.0)x433.62
.@glue(@rightskip) 0.0

 </home/abradford/src/c++/optionmatrix/optionmatrix-1.4.2/doc/images/MonthsAcro
ss.png>
Underfull \hbox (badness 10000) in paragraph at lines 634--643


@hbox(0.0+0.0)x433.62
.@glue(@rightskip) 0.0

[9] </home/abradford/src/c++/optionmatrix/optionmatrix-1.4.2/doc/images/3Calls3
Puts.png>
Underfull \hbox (badness 10000) in paragraph at lines 645--654


@hbox(0.0+0.0)x433.62
.@glue(@rightskip) 0.0

 </home/abradford/src/c++/optionmatrix/optionmatrix-1.4.2/doc/images/Greeks.png
>
Underfull \hbox (badness 10000) in paragraph at lines 664--673


@hbox(0.0+0.0)x433.62
.@glue(@rightskip) 0.0

 </home/abradford/src/c++/optionmatrix/optionmatrix-1.4.2/doc/images/SpreadChec
kbox.png>
Underfull \hbox (badness 10000) in paragraph at lines 678--683


@hbox(0.0+0.0)x433.62
.@glue(@rightskip) 0.0

 </home/abradford/src/c++/optionmatrix/optionmatrix-1.4.2/doc/images/OptionMatr
ixSpreads.png>
Underfull \hbox (badness 10000) in paragraph at lines 686--691


@hbox(0.0+0.0)x433.62
.@glue(@rightskip) 0.0

[10] </home/abradford/src/c++/optionmatrix/optionmatrix-1.4.2/doc/images/LegCon
trols.png>
Underfull \hbox (badness 10000) in paragraph at lines 697--702


@hbox(0.0+0.0)x433.62
.@glue(@rightskip) 0.0

 </home/abradford/src/c++/optionmatrix/optionmatrix-1.4.2/doc/images/SpreadLegs
.png>
Underfull \hbox (badness 10000) in paragraph at lines 703--712


@hbox(0.0+0.0)x433.62
.@glue(@rightskip) 0.0

 </home/abradford/src/c++/optionmatrix/optionmatrix-1.4.2/doc/images/Leg1.png>
Underfull \hbox (badness 10000) in paragraph at lines 713--723


@hbox(0.0+0.0)x433.62
.@glue(@rightskip) 0.0

[11] </home/abradford/src/c++/optionmatrix/optionmatrix-1.4.2/doc/images/Leg1Le
g2.png>
Underfull \hbox (badness 10000) in paragraph at lines 724--733


@hbox(0.0+0.0)x433.62
.@glue(@rightskip) 0.0

 </home/abradford/src/c++/optionmatrix/optionmatrix-1.4.2/doc/images/SpreadsCCP
PCPPC.png>
Underfull \hbox (badness 10000) in paragraph at lines 737--742


@hbox(0.0+0.0)x433.62
.@glue(@rightskip) 0.0

 </home/abradford/src/c++/optionmatrix/optionmatrix-1.4.2/doc/images/CalendarSp
read.png>
Underfull \hbox (badness 10000) in paragraph at lines 745--754


@hbox(0.0+0.0)x433.62
.@glue(@rightskip) 0.0

 </home/abradford/src/c++/optionmatrix/optionmatrix-1.4.2/doc/images/ModelDropD
ownOpen.png>
Underfull \hbox (badness 10000) in paragraph at lines 761--770


@hbox(0.0+0.0)x433.62
.@glue(@rightskip) 0.0

[12] </home/abradford/src/c++/optionmatrix/optionmatrix-1.4.2/doc/images/Models
List.png>
Underfull \hbox (badness 10000) in paragraph at lines 776--781


@hbox(0.0+0.0)x433.62
.@glue(@rightskip) 0.0

 </home/abradford/src/c++/optionmatrix/optionmatrix-1.4.2/doc/images/ModelByAut
hor.png>
Underfull \hbox (badness 10000) in paragraph at lines 782--809


@hbox(0.0+0.0)x433.62
.@penalty -10000
.@glue(@rightskip) 0.0

[13] </home/abradford/src/c++/optionmatrix/optionmatrix-1.4.2/doc/images/Coupon
Editor.png>
Underfull \hbox (badness 10000) in paragraph at lines 816--821


@hbox(0.0+0.0)x433.62
.@glue(@rightskip) 0.0

 </home/abradford/src/c++/optionmatrix/optionmatrix-1.4.2/doc/images/PrefsSetti
ngs.png>
Underfull \hbox (badness 10000) in paragraph at lines 826--831


@hbox(0.0+0.0)x433.62
.@glue(@rightskip) 0.0

[14] </home/abradford/src/c++/optionmatrix/optionmatrix-1.4.2/doc/images/SleepD
elay.png>
Underfull \hbox (badness 10000) in paragraph at lines 834--839


@hbox(0.0+0.0)x433.62
.@glue(@rightskip) 0.0

 </home/abradford/src/c++/optionmatrix/optionmatrix-1.4.2/doc/images/CNDDrop.pn
g>
Underfull \hbox (badness 10000) in paragraph at lines 842--851


@hbox(0.0+0.0)x433.62
.@glue(@rightskip) 0.0

 </home/abradford/src/c++/optionmatrix/optionmatrix-1.4.2/doc/images/CNDDropDow
n.png>
Underfull \hbox (badness 10000) in paragraph at lines 859--868


@hbox(0.0+0.0)x433.62
.@glue(@rightskip) 0.0

 </home/abradford/src/c++/optionmatrix/optionmatrix-1.4.2/doc/images/Precision.
png>
Underfull \hbox (badness 10000) in paragraph at lines 874--883


@hbox(0.0+0.0)x433.62
.@glue(@rightskip) 0.0

[15] </home/abradford/src/c++/optionmatrix/optionmatrix-1.4.2/doc/images/Export
.png>
Underfull \hbox (badness 10000) in paragraph at lines 891--919


@hbox(0.0+0.0)x433.62
.@penalty -10000
.@glue(@rightskip) 0.0

Chapter 4 [16] </home/abradford/src/c++/optionmatrix/optionmatrix-1.4.2/doc/ima
ges/ConsoleWelcome.png (PNG copy)> </home/abradford/src/c++/optionmatrix/option
matrix-1.4.2/doc/images/ConsoleSelect.png (PNG copy)>
Underfull \hbox (badness 10000) in paragraph at lines 959--968


@hbox(0.0+0.0)x433.62
.@glue(@rightskip) 0.0

[17] </home/abradford/src/c++/optionmatrix/optionmatrix-1.4.2/doc/images/Consol
eFormat.png (PNG copy)>
Underfull \hbox (badness 10000) in paragraph at lines 977--989


@hbox(0.0+0.0)x433.62
.@penalty -10000
.@glue(@rightskip) 0.0


Underfull \hbox (badness 7522) in paragraph at lines 977--989
[][][]@textrm Formats are cat-e-go-rized as ``(dec-i-mal date/date en-try dated
)'' or ``(cal-en-dar

@hbox(8.2125+2.73749)x433.62, glue set 4.22406
.@hbox(0.0+0.0)x0.0
.@write2{\entry{Decimal date curses}{@folio }{Decimal date curses}}
.@write2{\entry{Calendar date curses}{@folio }{Calendar date curses}}
.@textrm F
.@kern-0.91252
.etc.

[18] </home/abradford/src/c++/optionmatrix/optionmatrix-1.4.2/doc/images/Consol
eCategories.png (PNG copy)>
Underfull \hbox (badness 10000) in paragraph at lines 990--1002


@hbox(0.0+0.0)x433.62
.@penalty -10000
.@glue(@rightskip) 0.0

 </home/abradford/src/c++/optionmatrix/optionmatrix-1.4.2/doc/images/ConsoleInp
uts.png (PNG copy)>
Underfull \hbox (badness 10000) in paragraph at lines 1006--1020


@hbox(0.0+0.0)x433.62
.@penalty -10000
.@glue(@rightskip) 0.0

[19] </home/abradford/src/c++/optionmatrix/optionmatrix-1.4.2/doc/images/Consol
eChain.png (PNG copy)>
Underfull \hbox (badness 10000) in paragraph at lines 1025--1051


@hbox(0.0+0.0)x433.62
.@penalty -10000
.@glue(@rightskip) 0.0

Chapter 5 [20] [21] [22] [23] [24] Chapter 6 [25] Chapter 7 [26] Chapter 8
[27]
Underfull \hbox (badness 8075) in paragraph at lines 1417--1420
 []@textrm The ver-sion num-bers of op-tion-ma-trix (which you can find by run-
ning

@hbox(8.2125+2.73749)x433.62, glue set 4.32532
.@glue(@leftskip) 21.68121
.@hbox(4.86667+0.0)x0.0, glue set - 12.70244fil
..@glue 0.0 plus 1.0fil minus 1.0fil
..@mathon
..@textsy ^^O
..@mathoff
..@kern 7.22743
.@textrm T
.@textrm h
.@textrm e
.etc.

Appendix A [28]
texinfo.tex: doing @include of fdl.texi


(/home/abradford/src/c++/optionmatrix/optionmatrix-1.4.2/doc/fdl.texi [29]
[30] [31] [32] [33] [34] [35]) (Concept index) [36] (./optionmatrix.cps
[37]) [38] [39] ) 
Here is how much of TeX's memory you used:
 2071 strings out of 497035
 25405 string characters out of 6204780
 87036 words of memory out of 5000000
 3080 multiletter control sequences out of 15000+600000
 32127 words of font info for 112 fonts, out of 8000000 for 9000
 89 hyphenation exceptions out of 8191
 17i,6n,16p,658b,585s stack positions out of 5000i,500n,10000p,200000b,80000s
</usr/share/texlive/texmf-dist/fonts/type1/public/amsfonts/cm/
cmbx12.pfb></usr/share/texlive/texmf-dist/fonts/type1/public/amsfonts/cm/cmmi10
.pfb></usr/share/texlive/texmf-dist/fonts/type1/public/amsfonts/cm/cmmi12.pfb><
/usr/share/texlive/texmf-dist/fonts/type1/public/amsfonts/cm/cmmi9.pfb></usr/sh
are/texlive/texmf-dist/fonts/type1/public/amsfonts/cm/cmr10.pfb></usr/share/tex
live/texmf-dist/fonts/type1/public/amsfonts/cm/cmr9.pfb></usr/share/texlive/tex
mf-dist/fonts/type1/public/amsfonts/cm/cmsl10.pfb></usr/share/texlive/texmf-dis
t/fonts/type1/public/amsfonts/cm/cmsltt10.pfb></usr/share/texlive/texmf-dist/fo
nts/type1/public/amsfonts/cm/cmsy10.pfb></usr/share/texlive/texmf-dist/fonts/ty
pe1/public/amsfonts/cm/cmtt10.pfb></usr/share/texlive/texmf-dist/fonts/type1/pu
blic/amsfonts/cm/cmtt12.pfb></usr/share/texlive/texmf-dist/fonts/type1/public/a
msfonts/cm/cmtt9.pfb>
Output written on optionmatrix.pdf (43 pages, 1099166 bytes).
PDF statistics:
 883 PDF objects out of 1000 (max. 8388607)
 726 compressed objects within 8 object streams
 51 named destinations out of 1000 (max. 500000)
 821 words of extra memory for PDF output out of 10000 (max. 10000000)

